2025-03-31 22:42:16.292 [info] [main] Log level: Info
2025-03-31 22:42:16.292 [info] [main] Validating found git in: "git"
2025-03-31 22:42:16.292 [info] [main] Using git "2.49.0" from "git"
2025-03-31 22:42:16.292 [info] [Model][doInitialScan] Initial repository scan started
2025-03-31 22:42:16.292 [info] > git rev-parse --show-toplevel [8ms]
2025-03-31 22:42:16.292 [info] > git rev-parse --git-dir --git-common-dir [2ms]
2025-03-31 22:42:16.292 [info] [Model][openRepository] Opened repository: /mnt/SupportDisk/RepositoryDisk/Development/hyprps
2025-03-31 22:42:16.293 [info] > git rev-parse --show-toplevel [8ms]
2025-03-31 22:42:16.294 [info] > git config --get commit.template [12ms]
2025-03-31 22:42:16.305 [info] > git rev-parse --show-toplevel [6ms]
2025-03-31 22:42:16.309 [info] > git for-each-ref --format=%(refname)%00%(upstream:short)%00%(objectname)%00%(upstream:track)%00%(upstream:remotename)%00%(upstream:remoteref) refs/heads/main refs/remotes/main [6ms]
2025-03-31 22:42:16.310 [info] > git rev-parse --show-toplevel [1ms]
2025-03-31 22:42:16.311 [info] [Model][doInitialScan] Initial repository scan completed - repositories (1), closed repositories (0), parent repositories (0), unsafe repositories (0)
2025-03-31 22:42:16.321 [info] > git status -z -uall [5ms]
2025-03-31 22:42:16.322 [info] > git for-each-ref --sort -committerdate --format %(refname) %(objectname) %(*objectname) [1ms]
2025-03-31 22:42:16.348 [info] > git for-each-ref --format=%(refname)%00%(upstream:short)%00%(objectname)%00%(upstream:track)%00%(upstream:remotename)%00%(upstream:remoteref) refs/heads/main refs/remotes/main [8ms]
2025-03-31 22:42:16.354 [info] > git config --get --local branch.main.vscode-merge-base [2ms]
2025-03-31 22:42:16.354 [warning] [Git][config] git config failed: Failed to execute git
2025-03-31 22:42:16.359 [info] > git config --get commit.template [12ms]
2025-03-31 22:42:16.387 [info] > git reflog main --grep-reflog=branch: Created from *. [28ms]
2025-03-31 22:42:16.395 [info] > git symbolic-ref --short refs/remotes/origin/HEAD [4ms]
2025-03-31 22:42:16.395 [info] fatal: ref refs/remotes/origin/HEAD is not a symbolic ref
2025-03-31 22:42:16.395 [warning] [Repository][getDefaultBranch] Failed to get default branch details: Failed to execute git.
2025-03-31 22:42:16.400 [info] > git for-each-ref --format=%(refname)%00%(upstream:short)%00%(objectname)%00%(upstream:track)%00%(upstream:remotename)%00%(upstream:remoteref) refs/heads/main refs/remotes/main [14ms]
2025-03-31 22:42:16.402 [info] > git merge-base refs/heads/main refs/remotes/origin/main [3ms]
2025-03-31 22:42:16.416 [info] > git status -z -uall [5ms]
2025-03-31 22:42:16.417 [info] > git diff --name-status -z --diff-filter=ADMR 1126b57bed33f87a9c7d41c068cc775a824283e5...refs/remotes/origin/main [11ms]
2025-03-31 22:42:16.418 [info] > git for-each-ref --sort -committerdate --format %(refname) %(objectname) %(*objectname) [3ms]
2025-03-31 22:42:16.803 [info] > git check-ignore -v -z --stdin [2ms]
2025-03-31 22:42:24.194 [info] > git check-ignore -v -z --stdin [4ms]
2025-03-31 22:42:24.495 [info] > git show --textconv :src/main.rs [6ms]
2025-03-31 22:42:24.496 [info] > git ls-files --stage -- src/main.rs [2ms]
2025-03-31 22:42:24.502 [info] > git cat-file -s d5c93b20b5aafed5f7dd5fcca58d403347ffb70c [2ms]
