2025-03-31 22:51:41.238 [info] [main] Log level: Info
2025-03-31 22:51:41.238 [info] [main] Validating found git in: "git"
2025-03-31 22:51:41.238 [info] [main] Using git "2.49.0" from "git"
2025-03-31 22:51:41.238 [info] [Model][doInitialScan] Initial repository scan started
2025-03-31 22:51:41.238 [info] > git rev-parse --show-toplevel [6ms]
2025-03-31 22:51:41.238 [info] > git rev-parse --git-dir --git-common-dir [26ms]
2025-03-31 22:51:41.238 [info] [Model][openRepository] Opened repository: /mnt/SupportDisk/RepositoryDisk/Development/hyprps
2025-03-31 22:51:41.240 [info] > git rev-parse --show-toplevel [8ms]
2025-03-31 22:51:41.240 [info] > git config --get commit.template [14ms]
2025-03-31 22:51:41.252 [info] > git rev-parse --show-toplevel [6ms]
2025-03-31 22:51:41.259 [info] > git for-each-ref --format=%(refname)%00%(upstream:short)%00%(objectname)%00%(upstream:track)%00%(upstream:remotename)%00%(upstream:remoteref) refs/heads/main refs/remotes/main [8ms]
2025-03-31 22:51:41.260 [info] > git rev-parse --show-toplevel [2ms]
2025-03-31 22:51:41.282 [info] > git status -z -uall [8ms]
2025-03-31 22:51:41.283 [info] > git rev-parse --show-toplevel [17ms]
2025-03-31 22:51:41.283 [info] [Model][doInitialScan] Initial repository scan completed - repositories (1), closed repositories (0), parent repositories (0), unsafe repositories (0)
2025-03-31 22:51:41.284 [info] > git for-each-ref --sort -committerdate --format %(refname) %(objectname) %(*objectname) [3ms]
2025-03-31 22:51:41.331 [info] > git for-each-ref --format=%(refname)%00%(upstream:short)%00%(objectname)%00%(upstream:track)%00%(upstream:remotename)%00%(upstream:remoteref) refs/heads/main refs/remotes/main [10ms]
2025-03-31 22:51:41.342 [info] > git config --get --local branch.main.vscode-merge-base [5ms]
2025-03-31 22:51:41.342 [warning] [Git][config] git config failed: Failed to execute git
2025-03-31 22:51:41.348 [info] > git config --get commit.template [17ms]
2025-03-31 22:51:41.354 [info] > git reflog main --grep-reflog=branch: Created from *. [6ms]
2025-03-31 22:51:41.398 [info] > git for-each-ref --format=%(refname)%00%(upstream:short)%00%(objectname)%00%(upstream:track)%00%(upstream:remotename)%00%(upstream:remoteref) refs/heads/main refs/remotes/main [33ms]
2025-03-31 22:51:41.398 [info] > git symbolic-ref --short refs/remotes/origin/HEAD [38ms]
2025-03-31 22:51:41.398 [info] fatal: ref refs/remotes/origin/HEAD is not a symbolic ref
2025-03-31 22:51:41.398 [warning] [Repository][getDefaultBranch] Failed to get default branch details: Failed to execute git.
2025-03-31 22:51:41.407 [info] > git merge-base refs/heads/main refs/remotes/origin/main [3ms]
2025-03-31 22:51:41.415 [info] > git diff --name-status -z --diff-filter=ADMR 1126b57bed33f87a9c7d41c068cc775a824283e5...refs/remotes/origin/main [2ms]
2025-03-31 22:51:41.425 [info] > git status -z -uall [4ms]
2025-03-31 22:51:41.426 [info] > git for-each-ref --sort -committerdate --format %(refname) %(objectname) %(*objectname) [2ms]
2025-03-31 22:51:41.598 [info] > git show --textconv :src/main.rs [22ms]
2025-03-31 22:51:41.602 [info] > git ls-files --stage -- src/main.rs [7ms]
2025-03-31 22:51:41.623 [info] > git cat-file -s d5c93b20b5aafed5f7dd5fcca58d403347ffb70c [5ms]
2025-03-31 22:51:41.721 [info] > git check-ignore -v -z --stdin [2ms]
2025-03-31 22:53:12.462 [info] > git show --textconv :src/main.rs [6ms]
2025-03-31 22:53:12.463 [info] > git ls-files --stage -- src/main.rs [2ms]
2025-03-31 22:53:12.469 [info] > git cat-file -s d5c93b20b5aafed5f7dd5fcca58d403347ffb70c [1ms]
2025-03-31 22:53:13.026 [info] > git log --format=%H%n%aN%n%aE%n%at%n%ct%n%P%n%D%n%B -z -n51 --shortstat --follow -- /mnt/SupportDisk/RepositoryDisk/Development/hyprps/src/main.rs [694ms]
2025-03-31 22:53:13.048 [info] > git hash-object -t tree /dev/null [2ms]
2025-03-31 22:53:13.506 [info] > git rev-parse --show-toplevel [1ms]
2025-03-31 22:53:13.506 [info] fatal: not a git repository (or any parent up to mount point /)
Stopping at filesystem boundary (GIT_DISCOVERY_ACROSS_FILESYSTEM not set).
2025-03-31 22:54:52.113 [info] > git log --format=%H%n%aN%n%aE%n%at%n%ct%n%P%n%D%n%B -z -n51 --shortstat --follow -- /mnt/SupportDisk/RepositoryDisk/Development/hyprps/src/main.rs [2ms]
2025-03-31 22:54:52.318 [info] > git show --textconv :src/main.rs [9ms]
2025-03-31 22:54:52.320 [info] > git ls-files --stage -- src/main.rs [3ms]
2025-03-31 22:54:52.329 [info] > git cat-file -s d5c93b20b5aafed5f7dd5fcca58d403347ffb70c [2ms]
2025-03-31 22:54:52.733 [info] > git blame --root --incremental 1126b57bed33f87a9c7d41c068cc775a824283e5 -- src/main.rs [3ms]
2025-03-31 22:55:06.964 [info] > git log --format=%H%n%aN%n%aE%n%at%n%ct%n%P%n%D%n%B -z -n51 --shortstat --follow -- /mnt/SupportDisk/RepositoryDisk/Development/hyprps/src/main.rs [2ms]
2025-03-31 22:55:07.163 [info] > git show --textconv :src/main.rs [9ms]
2025-03-31 22:55:07.165 [info] > git ls-files --stage -- src/main.rs [3ms]
2025-03-31 22:55:07.175 [info] > git cat-file -s d5c93b20b5aafed5f7dd5fcca58d403347ffb70c [2ms]
2025-03-31 22:55:15.969 [info] > git log --format=%H%n%aN%n%aE%n%at%n%ct%n%P%n%D%n%B -z -n51 --shortstat --follow -- /mnt/SupportDisk/RepositoryDisk/Development/hyprps/src/main.rs [2ms]
2025-03-31 22:55:16.167 [info] > git show --textconv :src/main.rs [7ms]
2025-03-31 22:55:16.168 [info] > git ls-files --stage -- src/main.rs [2ms]
2025-03-31 22:55:16.174 [info] > git cat-file -s d5c93b20b5aafed5f7dd5fcca58d403347ffb70c [2ms]
2025-03-31 22:55:21.633 [info] > git log --format=%H%n%aN%n%aE%n%at%n%ct%n%P%n%D%n%B -z -n51 --shortstat --follow -- /mnt/SupportDisk/RepositoryDisk/Development/hyprps/src/main.rs [2ms]
2025-03-31 22:55:21.838 [info] > git show --textconv :src/main.rs [11ms]
2025-03-31 22:55:21.840 [info] > git ls-files --stage -- src/main.rs [2ms]
2025-03-31 22:55:21.848 [info] > git cat-file -s d5c93b20b5aafed5f7dd5fcca58d403347ffb70c [2ms]
2025-03-31 22:55:26.837 [info] > git log --format=%H%n%aN%n%aE%n%at%n%ct%n%P%n%D%n%B -z -n51 --shortstat --follow -- /mnt/SupportDisk/RepositoryDisk/Development/hyprps/src/main.rs [2ms]
2025-03-31 22:55:27.056 [info] > git show --textconv :src/main.rs [12ms]
2025-03-31 22:55:27.058 [info] > git ls-files --stage -- src/main.rs [3ms]
2025-03-31 22:55:27.066 [info] > git cat-file -s d5c93b20b5aafed5f7dd5fcca58d403347ffb70c [2ms]
2025-03-31 22:56:01.073 [info] > git log --format=%H%n%aN%n%aE%n%at%n%ct%n%P%n%D%n%B -z -n51 --shortstat --follow -- /mnt/SupportDisk/RepositoryDisk/Development/hyprps/src/main.rs [2ms]
2025-03-31 22:56:01.270 [info] > git show --textconv :src/main.rs [7ms]
2025-03-31 22:56:01.271 [info] > git ls-files --stage -- src/main.rs [1ms]
2025-03-31 22:56:01.277 [info] > git cat-file -s d5c93b20b5aafed5f7dd5fcca58d403347ffb70c [1ms]
2025-03-31 22:56:12.049 [info] > git log --format=%H%n%aN%n%aE%n%at%n%ct%n%P%n%D%n%B -z -n51 --shortstat --follow -- /mnt/SupportDisk/RepositoryDisk/Development/hyprps/src/main.rs [2ms]
2025-03-31 22:56:12.249 [info] > git show --textconv :src/main.rs [9ms]
2025-03-31 22:56:12.250 [info] > git ls-files --stage -- src/main.rs [2ms]
2025-03-31 22:56:12.258 [info] > git cat-file -s d5c93b20b5aafed5f7dd5fcca58d403347ffb70c [2ms]
2025-03-31 22:56:27.578 [info] > git log --format=%H%n%aN%n%aE%n%at%n%ct%n%P%n%D%n%B -z -n51 --shortstat --follow -- /mnt/SupportDisk/RepositoryDisk/Development/hyprps/src/main.rs [2ms]
2025-03-31 22:56:27.798 [info] > git show --textconv :src/main.rs [12ms]
2025-03-31 22:56:27.800 [info] > git ls-files --stage -- src/main.rs [3ms]
2025-03-31 22:56:27.808 [info] > git cat-file -s d5c93b20b5aafed5f7dd5fcca58d403347ffb70c [2ms]
2025-03-31 22:56:56.226 [info] > git log --format=%H%n%aN%n%aE%n%at%n%ct%n%P%n%D%n%B -z -n51 --shortstat --follow -- /mnt/SupportDisk/RepositoryDisk/Development/hyprps/src/main.rs [2ms]
2025-03-31 22:56:56.431 [info] > git show --textconv :src/main.rs [8ms]
2025-03-31 22:56:56.433 [info] > git ls-files --stage -- src/main.rs [3ms]
2025-03-31 22:56:56.441 [info] > git cat-file -s d5c93b20b5aafed5f7dd5fcca58d403347ffb70c [2ms]
2025-03-31 22:58:21.207 [info] > git log --format=%H%n%aN%n%aE%n%at%n%ct%n%P%n%D%n%B -z -n51 --shortstat --follow -- /mnt/SupportDisk/RepositoryDisk/Development/hyprps/src/main.rs [2ms]
2025-03-31 22:58:21.402 [info] > git show --textconv :src/main.rs [5ms]
2025-03-31 22:58:21.403 [info] > git ls-files --stage -- src/main.rs [1ms]
2025-03-31 22:58:21.408 [info] > git cat-file -s d5c93b20b5aafed5f7dd5fcca58d403347ffb70c [1ms]
2025-03-31 22:58:38.031 [info] > git log --format=%H%n%aN%n%aE%n%at%n%ct%n%P%n%D%n%B -z -n51 --shortstat --follow -- /mnt/SupportDisk/RepositoryDisk/Development/hyprps/src/main.rs [3ms]
2025-03-31 22:58:38.226 [info] > git show --textconv :src/main.rs [5ms]
2025-03-31 22:58:38.226 [info] > git ls-files --stage -- src/main.rs [1ms]
2025-03-31 22:58:38.232 [info] > git cat-file -s d5c93b20b5aafed5f7dd5fcca58d403347ffb70c [1ms]
2025-03-31 22:58:44.316 [info] > git log --format=%H%n%aN%n%aE%n%at%n%ct%n%P%n%D%n%B -z -n51 --shortstat --follow -- /mnt/SupportDisk/RepositoryDisk/Development/hyprps/src/main.rs [1ms]
2025-03-31 22:58:44.512 [info] > git show --textconv :src/main.rs [6ms]
2025-03-31 22:58:44.514 [info] > git ls-files --stage -- src/main.rs [2ms]
2025-03-31 22:58:44.520 [info] > git cat-file -s d5c93b20b5aafed5f7dd5fcca58d403347ffb70c [1ms]
2025-03-31 22:58:46.325 [info] > git log --format=%H%n%aN%n%aE%n%at%n%ct%n%P%n%D%n%B -z -n51 --shortstat --follow -- /mnt/SupportDisk/RepositoryDisk/Development/hyprps/src/main.rs [3ms]
2025-03-31 22:58:46.551 [info] > git show --textconv :src/main.rs [10ms]
2025-03-31 22:58:46.552 [info] > git ls-files --stage -- src/main.rs [3ms]
2025-03-31 22:58:46.559 [info] > git cat-file -s d5c93b20b5aafed5f7dd5fcca58d403347ffb70c [2ms]
2025-03-31 22:58:50.117 [info] > git log --format=%H%n%aN%n%aE%n%at%n%ct%n%P%n%D%n%B -z -n51 --shortstat --follow -- /mnt/SupportDisk/RepositoryDisk/Development/hyprps/src/main.rs [2ms]
2025-03-31 22:58:50.321 [info] > git show --textconv :src/main.rs [9ms]
2025-03-31 22:58:50.323 [info] > git ls-files --stage -- src/main.rs [2ms]
2025-03-31 22:58:50.330 [info] > git cat-file -s d5c93b20b5aafed5f7dd5fcca58d403347ffb70c [2ms]
2025-03-31 23:06:20.285 [info] > git config --get commit.template [8ms]
2025-03-31 23:06:20.286 [info] > git for-each-ref --format=%(refname)%00%(upstream:short)%00%(objectname)%00%(upstream:track)%00%(upstream:remotename)%00%(upstream:remoteref) refs/heads/main refs/remotes/main [2ms]
2025-03-31 23:06:20.301 [info] > git status -z -uall [8ms]
2025-03-31 23:06:20.303 [info] > git for-each-ref --sort -committerdate --format %(refname) %(objectname) %(*objectname) [2ms]
2025-03-31 23:06:27.451 [info] > git config --get commit.template [1ms]
2025-03-31 23:06:27.459 [info] > git for-each-ref --format=%(refname)%00%(upstream:short)%00%(objectname)%00%(upstream:track)%00%(upstream:remotename)%00%(upstream:remoteref) refs/heads/main refs/remotes/main [2ms]
2025-03-31 23:06:27.472 [info] > git status -z -uall [7ms]
2025-03-31 23:06:27.473 [info] > git for-each-ref --sort -committerdate --format %(refname) %(objectname) %(*objectname) [1ms]
