2025-03-31 22:51:40.707 [info] Extension host with pid 4578 started
2025-03-31 22:51:40.707 [info] Skipping acquiring lock for /home/dekram/.config/Code - OSS/User/workspaceStorage/28470d5f8381501edeec29477e9dba3c.
2025-03-31 22:51:40.891 [info] ExtensionService#_doActivateExtension vscode.emmet, startup: false, activationEvent: 'onLanguage'
2025-03-31 22:51:40.970 [info] ExtensionService#_doActivateExtension vscode.git-base, startup: true, activationEvent: '*', root cause: vscode.git
2025-03-31 22:51:40.986 [info] ExtensionService#_doActivateExtension vscode.git, startup: true, activationEvent: '*'
2025-03-31 22:51:41.077 [info] ExtensionService#_doActivateExtension vscode.github, startup: true, activationEvent: '*'
2025-03-31 22:51:41.147 [info] Eager extensions activated
2025-03-31 22:51:41.173 [info] ExtensionService#_doActivateExtension vscode.debug-auto-launch, startup: false, activationEvent: 'onStartupFinished'
2025-03-31 22:51:41.175 [info] ExtensionService#_doActivateExtension vscode.merge-conflict, startup: false, activationEvent: 'onStartupFinished'
2025-03-31 22:51:41.366 [info] ExtensionService#_doActivateExtension vscode.github-authentication, startup: false, activationEvent: 'onAuthenticationRequest:github'
2025-03-31 22:53:13.535 [info] ExtensionService#_doActivateExtension vscode.configuration-editing, startup: false, activationEvent: 'onLanguage:jsonc'
2025-03-31 22:53:13.549 [info] ExtensionService#_doActivateExtension vscode.json-language-features, startup: false, activationEvent: 'onLanguage:jsonc'
2025-03-31 22:53:13.624 [info] ExtensionService#_doActivateExtension vscode.typescript-language-features, startup: false, activationEvent: 'onLanguage:jsonc'
2025-03-31 23:06:30.455 [info] Extension host terminating: renderer closed the MessagePort
2025-03-31 23:06:30.476 [error] Canceled: Canceled
	at new dR (file:///usr/lib/code/out/vs/workbench/api/node/extensionHostProcess.js:29:111670)
	at qy.U (file:///usr/lib/code/out/vs/workbench/api/node/extensionHostProcess.js:29:116281)
	at s.<computed>.n.charCodeAt.s.<computed> (file:///usr/lib/code/out/vs/workbench/api/node/extensionHostProcess.js:29:113775)
	at Sw.g (file:///usr/lib/code/out/vs/workbench/api/node/extensionHostProcess.js:112:41039)
	at Sw.executeCommand (file:///usr/lib/code/out/vs/workbench/api/node/extensionHostProcess.js:112:40543)
	at r.registerCommand.description (file:///usr/lib/code/out/vs/workbench/api/node/extensionHostProcess.js:112:39873)
	at Sw.h (file:///usr/lib/code/out/vs/workbench/api/node/extensionHostProcess.js:112:41559)
	at Sw.g (file:///usr/lib/code/out/vs/workbench/api/node/extensionHostProcess.js:112:40636)
	at Sw.executeCommand (file:///usr/lib/code/out/vs/workbench/api/node/extensionHostProcess.js:112:40543)
	at Object.executeCommand (file:///usr/lib/code/out/vs/workbench/api/node/extensionHostProcess.js:172:37375)
	at Th.L [as value] (/usr/lib/code/extensions/git/dist/main.js:2:1000063)
	at P.B (file:///usr/lib/code/out/vs/workbench/api/node/extensionHostProcess.js:27:2375)
	at P.C (file:///usr/lib/code/out/vs/workbench/api/node/extensionHostProcess.js:27:2445)
	at P.fire (file:///usr/lib/code/out/vs/workbench/api/node/extensionHostProcess.js:27:2662)
	at Object.p [as dispose] (/usr/lib/code/extensions/git/dist/main.js:2:1022703)
	at /usr/lib/code/extensions/git/dist/main.js:2:1029021
	at Array.forEach (<anonymous>)
	at b.dispose (/usr/lib/code/extensions/git/dist/main.js:2:1029007)
	at fv.<anonymous> (file:///usr/lib/code/out/vs/workbench/api/node/extensionHostProcess.js:108:8922)
	at fv.dispose (file:///usr/lib/code/out/vs/workbench/api/node/extensionHostProcess.js:108:9018)
	at fv.<anonymous> (/usr/lib/code/extensions/git/dist/main.js:2:1002547)
	at fv.dispose (file:///usr/lib/code/out/vs/workbench/api/node/extensionHostProcess.js:108:9018)
	at hi (file:///usr/lib/code/out/vs/workbench/api/node/extensionHostProcess.js:25:701)
	at file:///usr/lib/code/out/vs/workbench/api/node/extensionHostProcess.js:116:14994
	at file:///usr/lib/code/out/vs/workbench/api/node/extensionHostProcess.js:25:1011
	at Object.dispose (file:///usr/lib/code/out/vs/workbench/api/node/extensionHostProcess.js:8:705)
	at zz.eb (file:///usr/lib/code/out/vs/workbench/api/node/extensionHostProcess.js:116:11921)
	at file:///usr/lib/code/out/vs/workbench/api/node/extensionHostProcess.js:116:9876
	at Array.map (<anonymous>)
	at zz.$ (file:///usr/lib/code/out/vs/workbench/api/node/extensionHostProcess.js:116:9864)
	at zz.terminate (file:///usr/lib/code/out/vs/workbench/api/node/extensionHostProcess.js:116:10107)
	at OI.terminate (file:///usr/lib/code/out/vs/workbench/api/node/extensionHostProcess.js:117:1434)
	at ts (file:///usr/lib/code/out/vs/workbench/api/node/extensionHostProcess.js:190:15108)
	at MessagePortMain.<anonymous> (file:///usr/lib/code/out/vs/workbench/api/node/extensionHostProcess.js:190:11656)
	at MessagePortMain.emit (node:events:518:28)
	at MessagePortMain._internalPort.emit (node:electron/js2c/utility_init:2:2949) setContext undefined
2025-03-31 23:06:30.477 [error] Canceled: Canceled
	at new dR (file:///usr/lib/code/out/vs/workbench/api/node/extensionHostProcess.js:29:111670)
	at qy.U (file:///usr/lib/code/out/vs/workbench/api/node/extensionHostProcess.js:29:116281)
	at s.<computed>.n.charCodeAt.s.<computed> (file:///usr/lib/code/out/vs/workbench/api/node/extensionHostProcess.js:29:113775)
	at Sw.g (file:///usr/lib/code/out/vs/workbench/api/node/extensionHostProcess.js:112:41039)
	at Sw.executeCommand (file:///usr/lib/code/out/vs/workbench/api/node/extensionHostProcess.js:112:40543)
	at r.registerCommand.description (file:///usr/lib/code/out/vs/workbench/api/node/extensionHostProcess.js:112:39873)
	at Sw.h (file:///usr/lib/code/out/vs/workbench/api/node/extensionHostProcess.js:112:41559)
	at Sw.g (file:///usr/lib/code/out/vs/workbench/api/node/extensionHostProcess.js:112:40636)
	at Sw.executeCommand (file:///usr/lib/code/out/vs/workbench/api/node/extensionHostProcess.js:112:40543)
	at Object.executeCommand (file:///usr/lib/code/out/vs/workbench/api/node/extensionHostProcess.js:172:37375)
	at set hasGitHubRepositories (/usr/lib/code/extensions/github/dist/extension.js:2:217805)
	at /usr/lib/code/extensions/github/dist/extension.js:2:218764
	at Th.value (/usr/lib/code/extensions/git/dist/main.js:2:1120702)
	at P.B (file:///usr/lib/code/out/vs/workbench/api/node/extensionHostProcess.js:27:2375)
	at P.C (file:///usr/lib/code/out/vs/workbench/api/node/extensionHostProcess.js:27:2445)
	at P.fire (file:///usr/lib/code/out/vs/workbench/api/node/extensionHostProcess.js:27:2662)
	at Object.p [as dispose] (/usr/lib/code/extensions/git/dist/main.js:2:1022703)
	at /usr/lib/code/extensions/git/dist/main.js:2:1029021
	at Array.forEach (<anonymous>)
	at b.dispose (/usr/lib/code/extensions/git/dist/main.js:2:1029007)
	at fv.<anonymous> (file:///usr/lib/code/out/vs/workbench/api/node/extensionHostProcess.js:108:8922)
	at fv.dispose (file:///usr/lib/code/out/vs/workbench/api/node/extensionHostProcess.js:108:9018)
	at fv.<anonymous> (/usr/lib/code/extensions/git/dist/main.js:2:1002547)
	at fv.dispose (file:///usr/lib/code/out/vs/workbench/api/node/extensionHostProcess.js:108:9018)
	at hi (file:///usr/lib/code/out/vs/workbench/api/node/extensionHostProcess.js:25:701)
	at file:///usr/lib/code/out/vs/workbench/api/node/extensionHostProcess.js:116:14994
	at file:///usr/lib/code/out/vs/workbench/api/node/extensionHostProcess.js:25:1011
	at Object.dispose (file:///usr/lib/code/out/vs/workbench/api/node/extensionHostProcess.js:8:705)
	at zz.eb (file:///usr/lib/code/out/vs/workbench/api/node/extensionHostProcess.js:116:11921)
	at file:///usr/lib/code/out/vs/workbench/api/node/extensionHostProcess.js:116:9876
	at Array.map (<anonymous>)
	at zz.$ (file:///usr/lib/code/out/vs/workbench/api/node/extensionHostProcess.js:116:9864)
	at zz.terminate (file:///usr/lib/code/out/vs/workbench/api/node/extensionHostProcess.js:116:10107)
	at OI.terminate (file:///usr/lib/code/out/vs/workbench/api/node/extensionHostProcess.js:117:1434)
	at ts (file:///usr/lib/code/out/vs/workbench/api/node/extensionHostProcess.js:190:15108)
	at MessagePortMain.<anonymous> (file:///usr/lib/code/out/vs/workbench/api/node/extensionHostProcess.js:190:11656)
	at MessagePortMain.emit (node:events:518:28)
	at MessagePortMain._internalPort.emit (node:electron/js2c/utility_init:2:2949) setContext undefined
2025-03-31 23:06:30.478 [info] Extension host with pid 4578 exiting with code 0
