2025-03-31 22:43:50.052 [info] [main] Log level: Info
2025-03-31 22:43:50.052 [info] [main] Validating found git in: "git"
2025-03-31 22:43:50.052 [info] [main] Using git "2.49.0" from "git"
2025-03-31 22:43:50.052 [info] [Model][doInitialScan] Initial repository scan started
2025-03-31 22:43:50.052 [info] > git rev-parse --show-toplevel [6ms]
2025-03-31 22:43:50.052 [info] > git rev-parse --git-dir --git-common-dir [11ms]
2025-03-31 22:43:50.052 [info] [Model][openRepository] Opened repository: /mnt/SupportDisk/RepositoryDisk/Development/hyprps
2025-03-31 22:43:50.066 [info] > git rev-parse --show-toplevel [3ms]
2025-03-31 22:43:50.066 [info] fatal: not a git repository (or any parent up to mount point /)
Stopping at filesystem boundary (GIT_DISCOVERY_ACROSS_FILESYSTEM not set).
2025-03-31 22:43:50.066 [info] > git config --get commit.template [9ms]
2025-03-31 22:43:50.083 [info] > git for-each-ref --format=%(refname)%00%(upstream:short)%00%(objectname)%00%(upstream:track)%00%(upstream:remotename)%00%(upstream:remoteref) refs/heads/main refs/remotes/main [4ms]
2025-03-31 22:43:50.083 [info] > git rev-parse --show-toplevel [10ms]
2025-03-31 22:43:50.101 [info] > git status -z -uall [7ms]
2025-03-31 22:43:50.102 [info] > git rev-parse --show-toplevel [14ms]
2025-03-31 22:43:50.107 [info] > git for-each-ref --sort -committerdate --format %(refname) %(objectname) %(*objectname) [7ms]
2025-03-31 22:43:50.134 [info] > git for-each-ref --format=%(refname)%00%(upstream:short)%00%(objectname)%00%(upstream:track)%00%(upstream:remotename)%00%(upstream:remoteref) refs/heads/main refs/remotes/main [6ms]
2025-03-31 22:43:50.139 [info] > git rev-parse --show-toplevel [33ms]
2025-03-31 22:43:50.139 [info] [Model][doInitialScan] Initial repository scan completed - repositories (1), closed repositories (0), parent repositories (0), unsafe repositories (0)
2025-03-31 22:43:50.141 [info] > git config --get --local branch.main.vscode-merge-base [2ms]
2025-03-31 22:43:50.141 [warning] [Git][config] git config failed: Failed to execute git
2025-03-31 22:43:50.146 [info] > git config --get commit.template [13ms]
2025-03-31 22:43:50.177 [info] > git reflog main --grep-reflog=branch: Created from *. [31ms]
2025-03-31 22:43:50.185 [info] > git symbolic-ref --short refs/remotes/origin/HEAD [3ms]
2025-03-31 22:43:50.185 [info] fatal: ref refs/remotes/origin/HEAD is not a symbolic ref
2025-03-31 22:43:50.185 [warning] [Repository][getDefaultBranch] Failed to get default branch details: Failed to execute git.
2025-03-31 22:43:50.191 [info] > git for-each-ref --format=%(refname)%00%(upstream:short)%00%(objectname)%00%(upstream:track)%00%(upstream:remotename)%00%(upstream:remoteref) refs/heads/main refs/remotes/main [16ms]
2025-03-31 22:43:50.193 [info] > git merge-base refs/heads/main refs/remotes/origin/main [2ms]
2025-03-31 22:43:50.210 [info] > git status -z -uall [6ms]
2025-03-31 22:43:50.210 [info] > git diff --name-status -z --diff-filter=ADMR 1126b57bed33f87a9c7d41c068cc775a824283e5...refs/remotes/origin/main [12ms]
2025-03-31 22:43:50.211 [info] > git for-each-ref --sort -committerdate --format %(refname) %(objectname) %(*objectname) [2ms]
2025-03-31 22:43:50.596 [info] > git check-ignore -v -z --stdin [3ms]
2025-03-31 22:43:55.704 [info] > git show --textconv :src/main.rs [18ms]
2025-03-31 22:43:55.707 [info] > git ls-files --stage -- src/main.rs [4ms]
2025-03-31 22:43:55.718 [info] > git cat-file -s d5c93b20b5aafed5f7dd5fcca58d403347ffb70c [3ms]
2025-03-31 22:51:35.537 [info] > git show --textconv :src/main.rs [6ms]
2025-03-31 22:51:35.538 [info] > git ls-files --stage -- src/main.rs [2ms]
2025-03-31 22:51:35.544 [info] > git cat-file -s d5c93b20b5aafed5f7dd5fcca58d403347ffb70c [2ms]
