2025-03-31 22:43:09.044 [info] [main] Log level: Info
2025-03-31 22:43:09.044 [info] [main] Validating found git in: "git"
2025-03-31 22:43:09.044 [info] [main] Using git "2.49.0" from "git"
2025-03-31 22:43:09.044 [info] [Model][doInitialScan] Initial repository scan started
2025-03-31 22:43:09.044 [info] > git rev-parse --show-toplevel [6ms]
2025-03-31 22:43:09.044 [info] > git rev-parse --git-dir --git-common-dir [2ms]
2025-03-31 22:43:09.044 [info] [Model][openRepository] Opened repository: /mnt/SupportDisk/RepositoryDisk/Development/hyprps
2025-03-31 22:43:09.065 [info] > git rev-parse --show-toplevel [8ms]
2025-03-31 22:43:09.066 [info] > git config --get commit.template [15ms]
2025-03-31 22:43:09.079 [info] > git rev-parse --show-toplevel [6ms]
2025-03-31 22:43:09.084 [info] > git for-each-ref --format=%(refname)%00%(upstream:short)%00%(objectname)%00%(upstream:track)%00%(upstream:remotename)%00%(upstream:remoteref) refs/heads/main refs/remotes/main [6ms]
2025-03-31 22:43:09.085 [info] > git rev-parse --show-toplevel [1ms]
2025-03-31 22:43:09.104 [info] > git status -z -uall [7ms]
2025-03-31 22:43:09.104 [info] > git rev-parse --show-toplevel [15ms]
2025-03-31 22:43:09.105 [info] [Model][doInitialScan] Initial repository scan completed - repositories (1), closed repositories (0), parent repositories (0), unsafe repositories (0)
2025-03-31 22:43:09.105 [info] > git for-each-ref --sort -committerdate --format %(refname) %(objectname) %(*objectname) [3ms]
2025-03-31 22:43:09.145 [info] > git for-each-ref --format=%(refname)%00%(upstream:short)%00%(objectname)%00%(upstream:track)%00%(upstream:remotename)%00%(upstream:remoteref) refs/heads/main refs/remotes/main [11ms]
2025-03-31 22:43:09.153 [info] > git config --get --local branch.main.vscode-merge-base [2ms]
2025-03-31 22:43:09.153 [warning] [Git][config] git config failed: Failed to execute git
2025-03-31 22:43:09.160 [info] > git config --get commit.template [16ms]
2025-03-31 22:43:09.168 [info] > git reflog main --grep-reflog=branch: Created from *. [8ms]
2025-03-31 22:43:09.181 [info] > git symbolic-ref --short refs/remotes/origin/HEAD [7ms]
2025-03-31 22:43:09.181 [info] fatal: ref refs/remotes/origin/HEAD is not a symbolic ref
2025-03-31 22:43:09.181 [warning] [Repository][getDefaultBranch] Failed to get default branch details: Failed to execute git.
2025-03-31 22:43:09.188 [info] > git for-each-ref --format=%(refname)%00%(upstream:short)%00%(objectname)%00%(upstream:track)%00%(upstream:remotename)%00%(upstream:remoteref) refs/heads/main refs/remotes/main [8ms]
2025-03-31 22:43:09.212 [info] > git merge-base refs/heads/main refs/remotes/origin/main [25ms]
2025-03-31 22:43:09.229 [info] > git status -z -uall [7ms]
2025-03-31 22:43:09.229 [info] > git diff --name-status -z --diff-filter=ADMR 1126b57bed33f87a9c7d41c068cc775a824283e5...refs/remotes/origin/main [12ms]
2025-03-31 22:43:09.233 [info] > git for-each-ref --sort -committerdate --format %(refname) %(objectname) %(*objectname) [5ms]
2025-03-31 22:43:09.470 [info] > git show --textconv :src/main.rs [25ms]
2025-03-31 22:43:09.473 [info] > git ls-files --stage -- src/main.rs [5ms]
2025-03-31 22:43:09.487 [info] > git cat-file -s d5c93b20b5aafed5f7dd5fcca58d403347ffb70c [3ms]
2025-03-31 22:43:09.575 [info] > git check-ignore -v -z --stdin [2ms]
2025-03-31 22:43:20.298 [info] > git show --textconv :src/main.rs [10ms]
2025-03-31 22:43:20.300 [info] > git ls-files --stage -- src/main.rs [2ms]
2025-03-31 22:43:20.307 [info] > git cat-file -s d5c93b20b5aafed5f7dd5fcca58d403347ffb70c [2ms]
2025-03-31 22:43:26.369 [info] > git rev-parse --show-toplevel [1ms]
2025-03-31 22:43:26.369 [info] fatal: not a git repository (or any parent up to mount point /)
Stopping at filesystem boundary (GIT_DISCOVERY_ACROSS_FILESYSTEM not set).
